<?xml version="1.0" encoding="UTF-8"?>
<testng-results ignored="0" total="2" passed="2" failed="0" skipped="0">
  <reporter-output>
  </reporter-output>
  <suite started-at="2024-12-18T21:52:26 IST" name="Suite" finished-at="2024-12-18T21:52:41 IST" duration-ms="14742">
    <groups>
    </groups>
    <test started-at="2024-12-18T21:52:26 IST" name="Test" finished-at="2024-12-18T21:52:41 IST" duration-ms="14742">
      <class name="module1_Login.SwagLabLoginTest">
        <test-method is-config="true" signature="OpenBrowwser(java.lang.String)[pri:0, instance:module1_Login.SwagLabLoginTest@48075da3]" started-at="2024-12-18T21:52:26 IST" name="OpenBrowwser" finished-at="2024-12-18T21:52:30 IST" duration-ms="4026" status="PASS">
          <params>
            <param index="0">
              <value>
                <![CDATA[chrome]]>
              </value>
            </param>
          </params>
          <reporter-output>
          </reporter-output>
        </test-method> <!-- OpenBrowwser -->
        <test-method is-config="true" signature="login()[pri:0, instance:module1_Login.SwagLabLoginTest@48075da3]" started-at="2024-12-18T21:52:30 IST" name="login" finished-at="2024-12-18T21:52:31 IST" duration-ms="810" status="PASS">
          <reporter-output>
          </reporter-output>
        </test-method> <!-- login -->
        <test-method signature="homepage()[pri:0, instance:module1_Login.SwagLabLoginTest@48075da3]" started-at="2024-12-18T21:52:31 IST" name="homepage" finished-at="2024-12-18T21:52:34 IST" duration-ms="2977" status="PASS">
          <reporter-output>
          </reporter-output>
        </test-method> <!-- homepage -->
        <test-method is-config="true" signature="logout(org.testng.ITestResult)[pri:0, instance:module1_Login.SwagLabLoginTest@48075da3]" started-at="2024-12-18T21:52:34 IST" name="logout" finished-at="2024-12-18T21:52:41 IST" duration-ms="6443" status="PASS">
          <params>
            <param index="0">
              <value>
                <![CDATA[[TestResult name=homepage status=SUCCESS method=SwagLabLoginTest.homepage()[pri:0, instance:module1_Login.SwagLabLoginTest@48075da3] output={null}]]]>
              </value>
            </param>
          </params>
          <reporter-output>
          </reporter-output>
        </test-method> <!-- logout -->
        <test-method is-config="true" signature="closeBrowser()[pri:0, instance:module1_Login.SwagLabLoginTest@48075da3]" started-at="2024-12-18T21:52:41 IST" name="closeBrowser" finished-at="2024-12-18T21:52:41 IST" duration-ms="413" status="PASS">
          <reporter-output>
          </reporter-output>
        </test-method> <!-- closeBrowser -->
      </class> <!-- module1_Login.SwagLabLoginTest -->
    </test> <!-- Test -->
  </suite> <!-- Suite -->
  <suite started-at="2024-12-18T21:52:41 IST" name="Suite (0)" finished-at="2024-12-18T21:52:52 IST" duration-ms="10676">
    <groups>
    </groups>
    <test started-at="2024-12-18T21:52:41 IST" name="Test" finished-at="2024-12-18T21:52:52 IST" duration-ms="10676">
      <class name="module2_cart.SauceLab_AddToCart_Test">
        <test-method is-config="true" signature="openBrrowser(java.lang.String)[pri:0, instance:module2_cart.SauceLab_AddToCart_Test@73eb439a]" started-at="2024-12-18T21:52:41 IST" name="openBrrowser" finished-at="2024-12-18T21:52:43 IST" duration-ms="2306" status="PASS">
          <params>
            <param index="0">
              <value>
                <![CDATA[chrome]]>
              </value>
            </param>
          </params>
          <reporter-output>
          </reporter-output>
        </test-method> <!-- openBrrowser -->
        <test-method is-config="true" signature="login()[pri:0, instance:module2_cart.SauceLab_AddToCart_Test@73eb439a]" started-at="2024-12-18T21:52:43 IST" name="login" finished-at="2024-12-18T21:52:44 IST" duration-ms="855" status="PASS">
          <reporter-output>
          </reporter-output>
        </test-method> <!-- login -->
        <test-method signature="addToCart()[pri:0, instance:module2_cart.SauceLab_AddToCart_Test@73eb439a]" started-at="2024-12-18T21:52:44 IST" name="addToCart" finished-at="2024-12-18T21:52:49 IST" duration-ms="4503" status="PASS">
          <reporter-output>
          </reporter-output>
        </test-method> <!-- addToCart -->
        <test-method is-config="true" signature="logout()[pri:0, instance:module2_cart.SauceLab_AddToCart_Test@73eb439a]" started-at="2024-12-18T21:52:49 IST" name="logout" finished-at="2024-12-18T21:52:49 IST" duration-ms="0" status="PASS">
          <reporter-output>
          </reporter-output>
        </test-method> <!-- logout -->
        <test-method is-config="true" signature="browserClose()[pri:0, instance:module2_cart.SauceLab_AddToCart_Test@73eb439a]" started-at="2024-12-18T21:52:49 IST" name="browserClose" finished-at="2024-12-18T21:52:52 IST" duration-ms="3002" status="PASS">
          <reporter-output>
          </reporter-output>
        </test-method> <!-- browserClose -->
      </class> <!-- module2_cart.SauceLab_AddToCart_Test -->
    </test> <!-- Test -->
  </suite> <!-- Suite (0) -->
</testng-results>
