<?xml version="1.0" encoding="UTF-8"?>
<testng-results ignored="0" total="1" passed="0" failed="1" skipped="0">
  <reporter-output>
  </reporter-output>
  <suite started-at="2024-12-18T17:49:21 IST" name="Suite" finished-at="2024-12-18T17:49:31 IST" duration-ms="9716">
    <groups>
    </groups>
    <test started-at="2024-12-18T17:49:21 IST" name="Test" finished-at="2024-12-18T17:49:31 IST" duration-ms="9716">
      <class name="module2_cart.SauceLab_AddToCart_Test">
        <test-method is-config="true" signature="openBrrowser(java.lang.String)[pri:0, instance:module2_cart.SauceLab_AddToCart_Test@3e27aa33]" started-at="2024-12-18T17:49:21 IST" name="openBrrowser" finished-at="2024-12-18T17:49:25 IST" duration-ms="4183" status="PASS">
          <params>
            <param index="0">
              <value>
                <![CDATA[chrome]]>
              </value>
            </param>
          </params>
          <reporter-output>
          </reporter-output>
        </test-method> <!-- openBrrowser -->
        <test-method is-config="true" signature="login()[pri:0, instance:module2_cart.SauceLab_AddToCart_Test@3e27aa33]" started-at="2024-12-18T17:49:25 IST" name="login" finished-at="2024-12-18T17:49:25 IST" duration-ms="314" status="PASS">
          <reporter-output>
          </reporter-output>
        </test-method> <!-- login -->
        <test-method signature="addToCart()[pri:0, instance:module2_cart.SauceLab_AddToCart_Test@3e27aa33]" started-at="2024-12-18T17:49:25 IST" name="addToCart" finished-at="2024-12-18T17:49:28 IST" duration-ms="2176" status="FAIL">
          <exception class="org.openqa.selenium.NoSuchWindowException">
            <message>
              <![CDATA[no such window: target window already closed
from unknown error: web view not found
  (Session info: chrome=131.0.6778.140)
Build info: version: '4.27.0', revision: 'd6e718d134'
System info: os.name: 'Windows 11', os.arch: 'amd64', os.version: '10.0', java.version: '22.0.1'
Driver info: org.openqa.selenium.chrome.ChromeDriver
Command: [107d30d60d429561825842febc44ac24, findElements {value=//div[@class='inventory_list']/div//div[contains(text(),'Sauce Labs')], using=xpath}]
Capabilities {acceptInsecureCerts: false, browserName: chrome, browserVersion: 131.0.6778.140, chrome: {chromedriverVersion: 131.0.6778.108 (3b014839fbc..., userDataDir: C:\Users\Hp\AppData\Local\T...}, fedcm:accounts: true, goog:chromeOptions: {debuggerAddress: localhost:63888}, networkConnectionEnabled: false, pageLoadStrategy: normal, platformName: windows, proxy: Proxy(), se:cdp: ws://localhost:63888/devtoo..., se:cdpVersion: 131.0.6778.140, setWindowRect: true, strictFileInteractability: false, timeouts: {implicit: 0, pageLoad: 300000, script: 30000}, unhandledPromptBehavior: dismiss and notify, webauthn:extension:credBlob: true, webauthn:extension:largeBlob: true, webauthn:extension:minPinLength: true, webauthn:extension:prf: true, webauthn:virtualAuthenticators: true}
Session ID: 107d30d60d429561825842febc44ac24]]>
            </message>
            <full-stacktrace>
              <![CDATA[org.openqa.selenium.NoSuchWindowException: no such window: target window already closed
from unknown error: web view not found
  (Session info: chrome=131.0.6778.140)
Build info: version: '4.27.0', revision: 'd6e718d134'
System info: os.name: 'Windows 11', os.arch: 'amd64', os.version: '10.0', java.version: '22.0.1'
Driver info: org.openqa.selenium.chrome.ChromeDriver
Command: [107d30d60d429561825842febc44ac24, findElements {value=//div[@class='inventory_list']/div//div[contains(text(),'Sauce Labs')], using=xpath}]
Capabilities {acceptInsecureCerts: false, browserName: chrome, browserVersion: 131.0.6778.140, chrome: {chromedriverVersion: 131.0.6778.108 (3b014839fbc..., userDataDir: C:\Users\Hp\AppData\Local\T...}, fedcm:accounts: true, goog:chromeOptions: {debuggerAddress: localhost:63888}, networkConnectionEnabled: false, pageLoadStrategy: normal, platformName: windows, proxy: Proxy(), se:cdp: ws://localhost:63888/devtoo..., se:cdpVersion: 131.0.6778.140, setWindowRect: true, strictFileInteractability: false, timeouts: {implicit: 0, pageLoad: 300000, script: 30000}, unhandledPromptBehavior: dismiss and notify, webauthn:extension:credBlob: true, webauthn:extension:largeBlob: true, webauthn:extension:minPinLength: true, webauthn:extension:prf: true, webauthn:virtualAuthenticators: true}
Session ID: 107d30d60d429561825842febc44ac24
at java.base/jdk.internal.reflect.DirectConstructorHandleAccessor.newInstance(DirectConstructorHandleAccessor.java:62)
at java.base/java.lang.reflect.Constructor.newInstanceWithCaller(Constructor.java:502)
at java.base/java.lang.reflect.Constructor.newInstance(Constructor.java:486)
at org.openqa.selenium.remote.ErrorCodec.decode(ErrorCodec.java:167)
at org.openqa.selenium.remote.codec.w3c.W3CHttpResponseCodec.decode(W3CHttpResponseCodec.java:138)
at org.openqa.selenium.remote.codec.w3c.W3CHttpResponseCodec.decode(W3CHttpResponseCodec.java:50)
at org.openqa.selenium.remote.HttpCommandExecutor.execute(HttpCommandExecutor.java:190)
at org.openqa.selenium.remote.service.DriverCommandExecutor.invokeExecute(DriverCommandExecutor.java:216)
at org.openqa.selenium.remote.service.DriverCommandExecutor.execute(DriverCommandExecutor.java:174)
at org.openqa.selenium.remote.RemoteWebDriver.execute(RemoteWebDriver.java:545)
at org.openqa.selenium.remote.ElementLocation$ElementFinder$2.findElements(ElementLocation.java:182)
at org.openqa.selenium.remote.ElementLocation.findElements(ElementLocation.java:103)
at org.openqa.selenium.remote.RemoteWebDriver.findElements(RemoteWebDriver.java:381)
at org.openqa.selenium.remote.RemoteWebDriver.findElements(RemoteWebDriver.java:375)
at org.openqa.selenium.support.pagefactory.DefaultElementLocator.findElements(DefaultElementLocator.java:83)
at org.openqa.selenium.support.pagefactory.internal.LocatingElementListHandler.invoke(LocatingElementListHandler.java:36)
at jdk.proxy2/jdk.proxy2.$Proxy18.size(Unknown Source)
at module1_Login.SwagLabHomePage.addToCart_Item(SwagLabHomePage.java:36)
at module2_cart.SauceLab_AddToCart_Test.addToCart(SauceLab_AddToCart_Test.java:51)
at java.base/jdk.internal.reflect.DirectMethodHandleAccessor.invoke(DirectMethodHandleAccessor.java:103)
at java.base/java.lang.reflect.Method.invoke(Method.java:580)
at org.testng.internal.MethodInvocationHelper.invokeMethod(MethodInvocationHelper.java:133)
at org.testng.internal.TestInvoker.invokeMethod(TestInvoker.java:598)
at org.testng.internal.TestInvoker.invokeTestMethod(TestInvoker.java:173)
at org.testng.internal.MethodRunner.runInSequence(MethodRunner.java:46)
at org.testng.internal.TestInvoker$MethodInvocationAgent.invoke(TestInvoker.java:824)
at org.testng.internal.TestInvoker.invokeTestMethods(TestInvoker.java:146)
at org.testng.internal.TestMethodWorker.invokeTestMethods(TestMethodWorker.java:146)
at org.testng.internal.TestMethodWorker.run(TestMethodWorker.java:128)
at java.base/java.util.ArrayList.forEach(ArrayList.java:1597)
at org.testng.TestRunner.privateRun(TestRunner.java:794)
at org.testng.TestRunner.run(TestRunner.java:596)
at org.testng.SuiteRunner.runTest(SuiteRunner.java:377)
at org.testng.SuiteRunner.runSequentially(SuiteRunner.java:371)
at org.testng.SuiteRunner.privateRun(SuiteRunner.java:332)
at org.testng.SuiteRunner.run(SuiteRunner.java:276)
at org.testng.SuiteRunnerWorker.runSuite(SuiteRunnerWorker.java:53)
at org.testng.SuiteRunnerWorker.run(SuiteRunnerWorker.java:96)
at org.testng.TestNG.runSuitesSequentially(TestNG.java:1212)
at org.testng.TestNG.runSuitesLocally(TestNG.java:1134)
at org.testng.TestNG.runSuites(TestNG.java:1063)
at org.testng.TestNG.run(TestNG.java:1031)
at org.testng.remote.AbstractRemoteTestNG.run(AbstractRemoteTestNG.java:115)
at org.testng.remote.RemoteTestNG.initAndRun(RemoteTestNG.java:293)
at org.testng.remote.RemoteTestNG.main(RemoteTestNG.java:91)
]]>
            </full-stacktrace>
          </exception> <!-- org.openqa.selenium.NoSuchWindowException -->
          <reporter-output>
          </reporter-output>
        </test-method> <!-- addToCart -->
        <test-method is-config="true" signature="logout()[pri:0, instance:module2_cart.SauceLab_AddToCart_Test@3e27aa33]" started-at="2024-12-18T17:49:28 IST" name="logout" finished-at="2024-12-18T17:49:28 IST" duration-ms="1" status="PASS">
          <reporter-output>
          </reporter-output>
        </test-method> <!-- logout -->
        <test-method is-config="true" signature="browserClose()[pri:0, instance:module2_cart.SauceLab_AddToCart_Test@3e27aa33]" started-at="2024-12-18T17:49:28 IST" name="browserClose" finished-at="2024-12-18T17:49:31 IST" duration-ms="3010" status="PASS">
          <reporter-output>
          </reporter-output>
        </test-method> <!-- browserClose -->
      </class> <!-- module2_cart.SauceLab_AddToCart_Test -->
    </test> <!-- Test -->
  </suite> <!-- Suite -->
</testng-results>
